<?xml version="1.0" encoding="UTF-8"?>
<!-- Generated by org.testng.reporters.JUnitReportReporter -->
<testsuite hostname="AniktaDey" name="tests.BuyCertifiedCars" tests="5" failures="0" timestamp="23 Apr 2019 05:49:58 GMT" time="38.989" errors="0">
  <testcase name="validateCity" time="0.036" classname="tests.BuyCertifiedCars"/>
  <testcase name="ListView" time="0.132" classname="tests.BuyCertifiedCars"/>
  <testcase name="SortBy" time="1.029" classname="tests.BuyCertifiedCars"/>
  <testcase name="validateCityChangeSelection" time="8.042" classname="tests.BuyCertifiedCars"/>
  <testcase name="dataSelectionHondaCar" time="29.750" classname="tests.BuyCertifiedCars"/>
</testsuite> <!-- tests.BuyCertifiedCars -->
