<?xml version="1.0" encoding="UTF-8"?>
<!-- Generated by org.testng.reporters.JUnitReportReporter -->
<testsuite hostname="AniktaDey" name="tests.SellCar" tests="1" failures="0" timestamp="29 May 2019 08:57:18 GMT" time="15.542" errors="0">
  <testcase name="sellmenuclick" time="15.542" classname="tests.SellCar"/>
</testsuite> <!-- tests.SellCar -->
