<?xml version="1.0" encoding="UTF-8"?>
<!-- Generated by org.testng.reporters.JUnitReportReporter -->
<testsuite hostname="AniktaDey" name="tests.ContactDetail3" tests="6" failures="0" timestamp="23 Apr 2019 13:07:37 GMT" time="113.669" errors="0">
  <testcase name="contactDetail" time="20.719" classname="tests.ContactDetail3"/>
  <testcase name="contactDetail" time="19.743" classname="tests.ContactDetail3"/>
  <testcase name="contactDetail" time="16.983" classname="tests.ContactDetail3"/>
  <testcase name="contactDetail" time="19.774" classname="tests.ContactDetail3"/>
  <testcase name="contactDetail" time="19.789" classname="tests.ContactDetail3"/>
  <testcase name="contactDetail" time="16.661" classname="tests.ContactDetail3"/>
</testsuite> <!-- tests.ContactDetail3 -->
