<?xml version="1.0" encoding="UTF-8"?>
<!-- Generated by org.testng.reporters.JUnitReportReporter -->
<testsuite hostname="AniktaDey" name="tests.validateCarousalNav" tests="1" failures="0" timestamp="11 Apr 2019 12:06:51 GMT" time="8.308" errors="0">
  <testcase name="validateNavigation" time="8.308" classname="tests.validateCarousalNav"/>
</testsuite> <!-- tests.validateCarousalNav -->
