<?xml version="1.0" encoding="UTF-8"?>
<!-- Generated by org.testng.reporters.JUnitReportReporter -->
<testsuite hostname="AniktaDey" name="tests.ReadExcel1" tests="3" failures="0" timestamp="23 Apr 2019 17:11:21 GMT" time="0.016" errors="0">
  <testcase name="testD" time="0.000" classname="tests.ReadExcel1"/>
  <testcase name="testD" time="0.000" classname="tests.ReadExcel1"/>
  <testcase name="testD" time="0.016" classname="tests.ReadExcel1"/>
</testsuite> <!-- tests.ReadExcel1 -->
