<?xml version="1.0" encoding="UTF-8"?>
<!-- Generated by org.testng.reporters.JUnitReportReporter -->
<testsuite hostname="AniktaDey" name="tests.ReadExcel" tests="1" failures="0" timestamp="21 Apr 2019 07:00:26 GMT" time="0.641" errors="0">
  <testcase name="readdata" time="0.641" classname="tests.ReadExcel"/>
</testsuite> <!-- tests.ReadExcel -->
