<?xml version="1.0" encoding="UTF-8"?>
<!-- Generated by org.testng.reporters.JUnitReportReporter -->
<testsuite hostname="AniktaDey" name="tests.SellCarExcelReading" tests="7" failures="0" timestamp="4 Jun 2019 09:17:16 GMT" time="142.023" errors="0">
  <testcase name="personaldetailspagevalidate" time="3.573" classname="tests.SellCarExcelReading"/>
  <testcase name="sellmenuclick" time="22.892" classname="tests.SellCarExcelReading"/>
  <testcase name="sellmenuclick" time="23.580" classname="tests.SellCarExcelReading"/>
  <testcase name="sellmenuclick" time="24.716" classname="tests.SellCarExcelReading"/>
  <testcase name="sellmenuclick" time="24.797" classname="tests.SellCarExcelReading"/>
  <testcase name="sellmenuclick" time="18.944" classname="tests.SellCarExcelReading"/>
  <testcase name="sellmenuclick" time="23.521" classname="tests.SellCarExcelReading"/>
</testsuite> <!-- tests.SellCarExcelReading -->
