<?xml version="1.0" encoding="UTF-8"?>
<!-- Generated by org.testng.reporters.JUnitReportReporter -->
<testsuite hostname="AniktaDey" name="tests.tips" tests="1" failures="0" timestamp="21 May 2019 10:17:44 GMT" time="9.954" errors="0">
  <testcase name="tipsmenuclick" time="9.954" classname="tests.tips"/>
</testsuite> <!-- tests.tips -->
