<?xml version="1.0" encoding="UTF-8"?>
<!-- Generated by org.testng.reporters.JUnitReportReporter -->
<testsuite hostname="AniktaDey" name="tests.BuyHonda" tests="5" failures="0" timestamp="29 May 2019 08:48:21 GMT" time="35.563" errors="0">
  <testcase name="validateCityChangeSelection" time="8.288" classname="tests.BuyHonda"/>
  <testcase name="ListView" time="0.234" classname="tests.BuyHonda"/>
  <testcase name="validateCity" time="0.027" classname="tests.BuyHonda"/>
  <testcase name="dataSelectionHondaCar" time="25.971" classname="tests.BuyHonda"/>
  <testcase name="SortBy" time="1.043" classname="tests.BuyHonda"/>
</testsuite> <!-- tests.BuyHonda -->
