<?xml version="1.0" encoding="UTF-8"?>
<!-- Generated by org.testng.reporters.JUnitReportReporter -->
<testsuite hostname="AniktaDey" name="tests.CarValuation" tests="1" failures="0" timestamp="18 Apr 2019 13:56:31 GMT" time="8.644" errors="0">
  <testcase name="getDetailsValuation" time="8.644" classname="tests.CarValuation"/>
</testsuite> <!-- tests.CarValuation -->
