<?xml version="1.0" encoding="UTF-8"?>
<!-- Generated by org.testng.reporters.JUnitReportReporter -->
<testsuite hostname="AniktaDey" name="tests.SearchResults" tests="1" failures="0" timestamp="18 Apr 2019 13:56:31 GMT" time="24.670" errors="0">
  <testcase name="getSearchData" time="24.670" classname="tests.SearchResults"/>
</testsuite> <!-- tests.SearchResults -->
