<?xml version="1.0" encoding="UTF-8"?>
<!-- Generated by org.testng.reporters.JUnitReportReporter -->
<testsuite hostname="AniktaDey" name="tests.ExchangeCars" tests="3" failures="0" timestamp="21 May 2019 10:17:44 GMT" time="23.430" errors="0">
  <testcase name="exchangeclick" time="9.847" classname="tests.ExchangeCars"/>
  <testcase name="exchangePersonalDetails" time="2.411" classname="tests.ExchangeCars"/>
  <testcase name="exchangeCarDetail" time="11.172" classname="tests.ExchangeCars"/>
</testsuite> <!-- tests.ExchangeCars -->
