<?xml version="1.0" encoding="UTF-8"?>
<!-- Generated by org.testng.reporters.JUnitReportReporter -->
<testsuite hostname="AniktaDey" name="tests.ContactDetail" tests="6" failures="0" timestamp="23 Apr 2019 17:23:05 GMT" time="122.865" errors="0">
  <testcase name="contactDetail" time="21.197" classname="tests.ContactDetail"/>
  <testcase name="contactDetail" time="20.269" classname="tests.ContactDetail"/>
  <testcase name="contactDetail" time="20.346" classname="tests.ContactDetail"/>
  <testcase name="contactDetail" time="20.344" classname="tests.ContactDetail"/>
  <testcase name="contactDetail" time="20.411" classname="tests.ContactDetail"/>
  <testcase name="contactDetail" time="20.298" classname="tests.ContactDetail"/>
</testsuite> <!-- tests.ContactDetail -->
