<?xml version="1.0" encoding="UTF-8"?>
<!-- Generated by org.testng.reporters.JUnitReportReporter -->
<testsuite hostname="AniktaDey" name="tests.events" tests="3" failures="0" timestamp="21 May 2019 10:17:44 GMT" time="10.957" errors="0">
  <testcase name="verifyeventsdatapresent" time="0.068" classname="tests.events"/>
  <testcase name="verifycityselection" time="8.231" classname="tests.events"/>
  <testcase name="eventsmenuclick" time="2.658" classname="tests.events"/>
</testsuite> <!-- tests.events -->
