<?xml version="1.0" encoding="UTF-8"?>
<!-- Generated by org.testng.reporters.JUnitReportReporter -->
<testsuite hostname="AniktaDey" name="tests.HomePage" tests="8" failures="0" timestamp="29 May 2019 08:17:49 GMT" time="107.617" errors="0">
  <testcase name="iamInterestedButton" time="2.133" classname="tests.HomePage"/>
  <testcase name="validateSearch" time="9.099" classname="tests.HomePage"/>
  <testcase name="enterValue" time="3.424" classname="tests.HomePage"/>
  <testcase name="sellcarbuttonclick" time="3.846" classname="tests.HomePage"/>
  <testcase name="validateHondaUsedCarsByModel" time="68.823" classname="tests.HomePage"/>
  <testcase name="enterOTP" time="6.682" classname="tests.HomePage"/>
  <testcase name="validateTitleHomePage" time="0.019" classname="tests.HomePage"/>
  <testcase name="validateFooterLinks" time="13.591" classname="tests.HomePage"/>
</testsuite> <!-- tests.HomePage -->
