<?xml version="1.0" encoding="UTF-8"?>
<!-- Generated by org.testng.reporters.JUnitReportReporter -->
<testsuite hostname="AniktaDey" name="tests.ContactDetail3" tests="1" failures="0" timestamp="27 May 2019 12:00:05 GMT" time="102.713" errors="0">
  <testcase name="contactDetail" time="102.713" classname="tests.ContactDetail3"/>
</testsuite> <!-- tests.ContactDetail3 -->
