<?xml version="1.0" encoding="UTF-8"?>
<!-- Generated by org.testng.reporters.JUnitReportReporter -->
<testsuite hostname="AniktaDey" name="tests.SearchResults" tests="1" failures="0" timestamp="27 May 2019 12:00:05 GMT" time="35.520" errors="0">
  <testcase name="getSearchData" time="35.520" classname="tests.SearchResults"/>
</testsuite> <!-- tests.SearchResults -->
