<?xml version="1.0" encoding="UTF-8"?>
<!-- Generated by org.testng.reporters.JUnitReportReporter -->
<testsuite hostname="AniktaDey" name="tests.CarValuation" tests="1" failures="0" timestamp="27 May 2019 12:00:05 GMT" time="8.523" errors="0">
  <testcase name="getDetailsValuation" time="8.523" classname="tests.CarValuation"/>
</testsuite> <!-- tests.CarValuation -->
