<?xml version="1.0" encoding="UTF-8"?>
<!-- Generated by org.testng.reporters.JUnitReportReporter -->
<testsuite hostname="AniktaDey" name="tests.HomePage" tests="3" failures="0" timestamp="27 May 2019 12:00:05 GMT" time="24.166" errors="0">
  <testcase name="validateNavigation" time="0.126" classname="tests.HomePage"/>
  <testcase name="validateTitleHomePage" time="2.434" classname="tests.HomePage"/>
  <testcase name="validateFooterLinks" time="21.606" classname="tests.HomePage"/>
</testsuite> <!-- tests.HomePage -->
