<?xml version="1.0" encoding="UTF-8"?>
<!-- Generated by org.testng.reporters.JUnitReportReporter -->
<testsuite hostname="AniktaDey" name="tests.BuyCertifiedCars" tests="4" failures="0" timestamp="27 May 2019 12:00:05 GMT" time="68.261" errors="0">
  <testcase name="validateTotRowCount" time="2.184" classname="tests.BuyCertifiedCars"/>
  <testcase name="buyCarClick" time="12.059" classname="tests.BuyCertifiedCars"/>
  <testcase name="SortBy" time="1.631" classname="tests.BuyCertifiedCars"/>
  <testcase name="FillDropdown" time="52.387" classname="tests.BuyCertifiedCars"/>
</testsuite> <!-- tests.BuyCertifiedCars -->
