<?xml version="1.0" encoding="UTF-8"?>
<!-- Generated by org.testng.reporters.JUnitReportReporter -->
<testsuite hostname="AniktaDey" name="tests.ContactDetail2" tests="1" failures="0" timestamp="16 Apr 2019 08:49:16 GMT" time="64.079" errors="0">
  <testcase name="contactDetail" time="64.079" classname="tests.ContactDetail2"/>
</testsuite> <!-- tests.ContactDetail2 -->
